Assembler report for ut_SpikeDriver_SPI
Fri May 10 19:32:31 2019
Quartus Prime Version 18.1.0 Build 625 09/12/2018 SJ Lite Edition


---------------------
; Table of Contents ;
---------------------
  1. Legal Notice
  2. Assembler Summary
  3. Assembler Settings
  4. Assembler Generated Files
  5. Assembler Device Options: C:/Users/Caio Piccirillo/Desktop/ut_SpikeDriver_SPI_03/output_files/ut_SpikeDriver_SPI.sof
  6. Assembler Messages



----------------
; Legal Notice ;
----------------
Copyright (C) 2018  Intel Corporation. All rights reserved.
Your use of Intel Corporation's design tools, logic functions 
and other software and tools, and its AMPP partner logic 
functions, and any output files from any of the foregoing 
(including device programming or simulation files), and any 
associated documentation or information are expressly subject 
to the terms and conditions of the Intel Program License 
Subscription Agreement, the Intel Quartus Prime License Agreement,
the Intel FPGA IP License Agreement, or other applicable license
agreement, including, without limitation, that your use is for
the sole purpose of programming logic devices manufactured by
Intel and sold by Intel or its authorized distributors.  Please
refer to the applicable agreement for further details.



+---------------------------------------------------------------+
; Assembler Summary                                             ;
+-----------------------+---------------------------------------+
; Assembler Status      ; Successful - Fri May 10 19:32:31 2019 ;
; Revision Name         ; ut_SpikeDriver_SPI                    ;
; Top-level Entity Name ; ut_SpikeDriver_SPI                    ;
; Family                ; Cyclone V                             ;
; Device                ; 5CSEMA5F31C6                          ;
+-----------------------+---------------------------------------+


+----------------------------------+
; Assembler Settings               ;
+--------+---------+---------------+
; Option ; Setting ; Default Value ;
+--------+---------+---------------+


+--------------------------------------------------------------------------------------------+
; Assembler Generated Files                                                                  ;
+--------------------------------------------------------------------------------------------+
; File Name                                                                                  ;
+--------------------------------------------------------------------------------------------+
; C:/Users/Caio Piccirillo/Desktop/ut_SpikeDriver_SPI_03/output_files/ut_SpikeDriver_SPI.sof ;
+--------------------------------------------------------------------------------------------+


+----------------------------------------------------------------------------------------------------------------------+
; Assembler Device Options: C:/Users/Caio Piccirillo/Desktop/ut_SpikeDriver_SPI_03/output_files/ut_SpikeDriver_SPI.sof ;
+----------------+-----------------------------------------------------------------------------------------------------+
; Option         ; Setting                                                                                             ;
+----------------+-----------------------------------------------------------------------------------------------------+
; JTAG usercode  ; 0x00D26AD0                                                                                          ;
; Checksum       ; 0x00D26AD0                                                                                          ;
+----------------+-----------------------------------------------------------------------------------------------------+


+--------------------+
; Assembler Messages ;
+--------------------+
Info: *******************************************************************
Info: Running Quartus Prime Assembler
    Info: Version 18.1.0 Build 625 09/12/2018 SJ Lite Edition
    Info: Processing started: Fri May 10 19:32:21 2019
Info: Command: quartus_asm --read_settings_files=off --write_settings_files=off ut_SpikeDriver_SPI -c ut_SpikeDriver_SPI
Warning (18236): Number of processors has not been specified which may cause overloading on shared machines.  Set the global assignment NUM_PARALLEL_PROCESSORS in your QSF to an appropriate value for best performance.
Info (115030): Assembler is generating device programming files
Info: Quartus Prime Assembler was successful. 0 errors, 1 warning
    Info: Peak virtual memory: 4858 megabytes
    Info: Processing ended: Fri May 10 19:32:31 2019
    Info: Elapsed time: 00:00:10
    Info: Total CPU time (on all processors): 00:00:10


